# JRE version: OpenJDK Runtime Environment (21.0.3) (build 21.0.3+-12282718-b509.11)
# Java VM: OpenJDK 64-Bit Server VM (21.0.3+-12282718-b509.11, mixed mode, tiered, compressed oops, compressed class ptrs, g1 gc, windows-amd64)
GC Precious Log:
 CardTable entry size: 512
 Card Set container configuration: InlinePtr #cards 5 size 8 Array Of Cards #cards 12 size 40 Howl #buckets 4 coarsen threshold 1843 Howl Bitmap #cards 512 size 80 coarsen threshold 460 Card regions per heap region 1 cards per card region 2048
 CPUs: 4 total, 4 available
 Memory: 8075M
 Large Page Support: Disabled
 NUMA Support: Disabled
 Compressed Oops: Enabled (32-bit)
 Heap Region Size: 1M
 Heap Min Capacity: 8M
 Heap Initial Capacity: 128M
 Heap Max Capacity: 2G
 Pre-touch: Disabled
 Parallel Workers: 4
 Concurrent Workers: 1
 Concurrent Refinement Workers: 4
 Periodic GC: Disabled
Heap:
 garbage-first heap   total 239616K, used 159469K [0x0000000080000000, 0x0000000100000000)
  region size 1024K, 41 young (41984K), 7 survivors (7168K)
 Metaspace       used 122002K, committed 124096K, reserved 1179648K
  class space    used 16306K, committed 17344K, reserved 1048576K
GC Heap History (20 events):
Event: 47.902 GC heap before
{Heap before GC invocations=34 (full 0):
 garbage-first heap   total 158720K, used 141238K [0x0000000080000000, 0x0000000100000000)
  region size 1024K, 69 young (70656K), 7 survivors (7168K)
 Metaspace       used 104267K, committed 106240K, reserved 1179648K
  class space    used 14305K, committed 15296K, reserved 1048576K
}
Event: 47.920 GC heap after
{Heap after GC invocations=35 (full 0):
 garbage-first heap   total 158720K, used 81920K [0x0000000080000000, 0x0000000100000000)
  region size 1024K, 8 young (8192K), 8 survivors (8192K)
 Metaspace       used 104267K, committed 106240K, reserved 1179648K
  class space    used 14305K, committed 15296K, reserved 1048576K
}
Event: 53.233 GC heap before
{Heap before GC invocations=36 (full 0):
 garbage-first heap   total 158720K, used 145408K [0x0000000080000000, 0x0000000100000000)
  region size 1024K, 66 young (67584K), 8 survivors (8192K)
 Metaspace       used 108559K, committed 110592K, reserved 1179648K
  class space    used 14759K, committed 15744K, reserved 1048576K
}
Event: 53.262 GC heap after
{Heap after GC invocations=37 (full 0):
 garbage-first heap   total 162816K, used 89974K [0x0000000080000000, 0x0000000100000000)
  region size 1024K, 9 young (9216K), 9 survivors (9216K)
 Metaspace       used 108559K, committed 110592K, reserved 1179648K
  class space    used 14759K, committed 15744K, reserved 1048576K
}
Event: 55.524 GC heap before
{Heap before GC invocations=37 (full 0):
 garbage-first heap   total 162816K, used 143222K [0x0000000080000000, 0x0000000100000000)
  region size 1024K, 62 young (63488K), 9 survivors (9216K)
 Metaspace       used 108675K, committed 110656K, reserved 1179648K
  class space    used 14761K, committed 15744K, reserved 1048576K
}
Event: 55.545 GC heap after
{Heap after GC invocations=38 (full 0):
 garbage-first heap   total 162816K, used 91996K [0x0000000080000000, 0x0000000100000000)
  region size 1024K, 5 young (5120K), 5 survivors (5120K)
 Metaspace       used 108675K, committed 110656K, reserved 1179648K
  class space    used 14761K, committed 15744K, reserved 1048576K
}
Event: 57.678 GC heap before
{Heap before GC invocations=38 (full 0):
 garbage-first heap   total 162816K, used 111452K [0x0000000080000000, 0x0000000100000000)
  region size 1024K, 26 young (26624K), 5 survivors (5120K)
 Metaspace       used 109721K, committed 111744K, reserved 1179648K
  class space    used 14953K, committed 15936K, reserved 1048576K
}
Event: 57.688 GC heap after
{Heap after GC invocations=39 (full 0):
 garbage-first heap   total 162816K, used 92655K [0x0000000080000000, 0x0000000100000000)
  region size 1024K, 6 young (6144K), 6 survivors (6144K)
 Metaspace       used 109721K, committed 111744K, reserved 1179648K
  class space    used 14953K, committed 15936K, reserved 1048576K
}
Event: 59.937 GC heap before
{Heap before GC invocations=40 (full 0):
 garbage-first heap   total 165888K, used 142831K [0x0000000080000000, 0x0000000100000000)
  region size 1024K, 54 young (55296K), 6 survivors (6144K)
 Metaspace       used 111847K, committed 113856K, reserved 1179648K
  class space    used 15175K, committed 16192K, reserved 1048576K
}
Event: 59.967 GC heap after
{Heap after GC invocations=41 (full 0):
 garbage-first heap   total 167936K, used 110336K [0x0000000080000000, 0x0000000100000000)
  region size 1024K, 7 young (7168K), 7 survivors (7168K)
 Metaspace       used 111847K, committed 113856K, reserved 1179648K
  class space    used 15175K, committed 16192K, reserved 1048576K
}
Event: 61.377 GC heap before
{Heap before GC invocations=41 (full 0):
 garbage-first heap   total 167936K, used 146176K [0x0000000080000000, 0x0000000100000000)
  region size 1024K, 42 young (43008K), 7 survivors (7168K)
 Metaspace       used 114053K, committed 116032K, reserved 1179648K
  class space    used 15447K, committed 16448K, reserved 1048576K
}
Event: 61.403 GC heap after
{Heap after GC invocations=42 (full 0):
 garbage-first heap   total 167936K, used 115712K [0x0000000080000000, 0x0000000100000000)
  region size 1024K, 6 young (6144K), 6 survivors (6144K)
 Metaspace       used 114053K, committed 116032K, reserved 1179648K
  class space    used 15447K, committed 16448K, reserved 1048576K
}
Event: 61.488 GC heap before
{Heap before GC invocations=42 (full 0):
 garbage-first heap   total 167936K, used 119808K [0x0000000080000000, 0x0000000100000000)
  region size 1024K, 11 young (11264K), 6 survivors (6144K)
 Metaspace       used 114060K, committed 116032K, reserved 1179648K
  class space    used 15447K, committed 16448K, reserved 1048576K
}
Event: 61.505 GC heap after
{Heap after GC invocations=43 (full 0):
 garbage-first heap   total 167936K, used 121781K [0x0000000080000000, 0x0000000100000000)
  region size 1024K, 5 young (5120K), 5 survivors (5120K)
 Metaspace       used 114060K, committed 116032K, reserved 1179648K
  class space    used 15447K, committed 16448K, reserved 1048576K
}
Event: 62.543 GC heap before
{Heap before GC invocations=44 (full 0):
 garbage-first heap   total 239616K, used 154549K [0x0000000080000000, 0x0000000100000000)
  region size 1024K, 23 young (23552K), 5 survivors (5120K)
 Metaspace       used 116203K, committed 118336K, reserved 1179648K
  class space    used 15657K, committed 16704K, reserved 1048576K
}
Event: 62.553 GC heap after
{Heap after GC invocations=45 (full 0):
 garbage-first heap   total 239616K, used 122133K [0x0000000080000000, 0x0000000100000000)
  region size 1024K, 1 young (1024K), 1 survivors (1024K)
 Metaspace       used 116203K, committed 118336K, reserved 1179648K
  class space    used 15657K, committed 16704K, reserved 1048576K
}
Event: 67.337 GC heap before
{Heap before GC invocations=45 (full 0):
 garbage-first heap   total 239616K, used 175381K [0x0000000080000000, 0x0000000100000000)
  region size 1024K, 54 young (55296K), 1 survivors (1024K)
 Metaspace       used 118865K, committed 120960K, reserved 1179648K
  class space    used 15955K, committed 17024K, reserved 1048576K
}
Event: 67.351 GC heap after
{Heap after GC invocations=46 (full 0):
 garbage-first heap   total 239616K, used 124129K [0x0000000080000000, 0x0000000100000000)
  region size 1024K, 5 young (5120K), 5 survivors (5120K)
 Metaspace       used 118865K, committed 120960K, reserved 1179648K
  class space    used 15955K, committed 17024K, reserved 1048576K
}
Event: 72.954 GC heap before
{Heap before GC invocations=46 (full 0):
 garbage-first heap   total 239616K, used 181473K [0x0000000080000000, 0x0000000100000000)
  region size 1024K, 62 young (63488K), 5 survivors (5120K)
 Metaspace       used 119087K, committed 121152K, reserved 1179648K
  class space    used 15985K, committed 17024K, reserved 1048576K
}
Event: 72.970 GC heap after
{Heap after GC invocations=47 (full 0):
 garbage-first heap   total 239616K, used 126701K [0x0000000080000000, 0x0000000100000000)
  region size 1024K, 7 young (7168K), 7 survivors (7168K)
 Metaspace       used 119087K, committed 121152K, reserved 1179648K
  class space    used 15985K, committed 17024K, reserved 1048576K
}

